<?xml version="1.0" encoding="UTF-8"?>
<!-- Generated by org.testng.reporters.JUnitReportReporter -->
<testsuite hostname="LAPTOP-1IP63I2R" failures="0" tests="2" name="TestCases.testCasesMain" time="237.079" errors="0" timestamp="2023-06-21T10:57:57 IST" skipped="0">
  <testcase classname="TestCases.testCasesMain" name="Test1" time="114.051"/>
  <system-out/>
  <testcase classname="TestCases.testCasesMain" name="Test1" time="123.028"/>
  <system-out/>
</testsuite> <!-- TestCases.testCasesMain -->
