<?xml version="1.0" encoding="UTF-8"?>
<!-- Generated by org.testng.reporters.JUnitReportReporter -->
<testsuite hostname="LAPTOP-1IP63I2R" failures="0" tests="1" name="TestCases.testCasesReview" time="114.121" errors="0" timestamp="2023-06-20T14:46:55 IST" skipped="0">
  <testcase classname="TestCases.testCasesReview" name="scenario" time="114.121"/>
  <system-out/>
</testsuite> <!-- TestCases.testCasesReview -->
