<?xml version="1.0" encoding="UTF-8"?>
<!-- Generated by org.testng.reporters.JUnitReportReporter -->
<testsuite hostname="LAPTOP-1IP63I2R" failures="0" tests="1" name="TestCases.testCasesLogin" time="20.571" errors="0" timestamp="2023-06-19T19:38:06 IST" skipped="0">
  <testcase classname="TestCases.testCasesLogin" name="scenario" time="20.571"/>
  <system-out/>
</testsuite> <!-- TestCases.testCasesLogin -->
