<?xml version="1.0" encoding="UTF-8"?>
<!-- Generated by org.testng.reporters.JUnitReportReporter -->
<testsuite hostname="LAPTOP-1IP63I2R" failures="0" tests="1" name="TestCases.testCasesRegister" time="70.878" errors="0" timestamp="2023-06-20T11:17:35 IST" skipped="0">
  <testcase classname="TestCases.testCasesRegister" name="scenario" time="70.878"/>
  <system-out/>
</testsuite> <!-- TestCases.testCasesRegister -->
