<?xml version="1.0" encoding="UTF-8"?>
<!-- Generated by org.testng.reporters.JUnitReportReporter -->
<testsuite hostname="LAPTOP-1IP63I2R" failures="0" tests="1" name="TestCases.testCasesLoginInvalid" time="12.368" errors="0" timestamp="2023-06-19T18:47:58 IST" skipped="0">
  <testcase classname="TestCases.testCasesLoginInvalid" name="scenario" time="12.368"/>
  <system-out/>
</testsuite> <!-- TestCases.testCasesLoginInvalid -->
