<?xml version="1.0" encoding="UTF-8"?>
<!-- Generated by org.testng.reporters.JUnitReportReporter -->
<testsuite hostname="LAPTOP-1IP63I2R" failures="0" tests="1" name="TestCases.testCasesSearch" time="113.542" errors="0" timestamp="2023-06-20T15:24:39 IST" skipped="0">
  <testcase classname="TestCases.testCasesSearch" name="DemoScenario" time="113.542"/>
  <system-out/>
</testsuite> <!-- TestCases.testCasesSearch -->
