<?xml version="1.0" encoding="UTF-8"?>
<!-- Generated by org.testng.reporters.JUnitReportReporter -->
<testsuite hostname="LAPTOP-1IP63I2R" failures="0" tests="12" name="TestCases.testCasesMain" time="509.401" errors="0" timestamp="2023-06-21T22:09:28 IST" skipped="0">
  <testcase classname="TestCases.testCasesMain" name="Test8" time="11.912"/>
  <system-out/>
  <testcase classname="TestCases.testCasesMain" name="Test6" time="18.393"/>
  <system-out/>
  <testcase classname="TestCases.testCasesMain" name="Test6" time="21.791"/>
  <system-out/>
  <testcase classname="TestCases.testCasesMain" name="Test5" time="16.111"/>
  <system-out/>
  <testcase classname="TestCases.testCasesMain" name="Test4" time="14.435"/>
  <system-out/>
  <testcase classname="TestCases.testCasesMain" name="Test8" time="17.262"/>
  <system-out/>
  <testcase classname="TestCases.testCasesMain" name="Test3" time="36.754"/>
  <system-out/>
  <testcase classname="TestCases.testCasesMain" name="Test7" time="13.925"/>
  <system-out/>
  <testcase classname="TestCases.testCasesMain" name="Test4" time="149.350"/>
  <system-out/>
  <testcase classname="TestCases.testCasesMain" name="Test7" time="10.621"/>
  <system-out/>
  <testcase classname="TestCases.testCasesMain" name="Test3" time="44.004"/>
  <system-out/>
  <testcase classname="TestCases.testCasesMain" name="Test5" time="154.843"/>
  <system-out/>
</testsuite> <!-- TestCases.testCasesMain -->
